<?xml version="1.0" encoding="UTF-8"?>
<testsuite xmlns:xsi="http://www.w3.org/2001/XMLSchema-instance" xsi:noNamespaceSchemaLocation="https://maven.apache.org/surefire/maven-surefire-plugin/xsd/surefire-test-report.xsd" version="3.0.2" name="com.medibook.appointment.MedicalAppointmentBookingSystemApplicationTests" time="8.929" tests="2" errors="0" skipped="0" failures="0">
  <properties>
[...]
</properties>
  <testcase name="testCreateUser" classname="com.medibook.appointment.MedicalAppointmentBookingSystemApplicationTests" time="0.704">
    <system-out><![CDATA[16:58:13.449 [main] INFO org.springframework.test.context.support.AnnotationConfigContextLoaderUtils -- Could not detect default configuration classes for test class [com.medibook.appointment.MedicalAppointmentBookingSystemApplicationTests]: MedicalAppointmentBookingSystemApplicationTests does not declare any static, non-private, non-final, nested classes annotated with @Configuration.
16:58:13.610 [main] INFO org.springframework.boot.test.context.SpringBootTestContextBootstrapper -- Found @SpringBootConfiguration com.medibook.appointment.MedicalAppointmentBookingSystemApplication for test class com.medibook.appointment.MedicalAppointmentBookingSystemApplicationTests
16:58:13.859 [main] INFO org.springframework.boot.devtools.restart.RestartApplicationListener -- Restart disabled due to context in which it is running

  .   ____          _            __ _ _
 /\\ / ___'_ __ _ _(_)_ __  __ _ \ \ \ \
( ( )\___ | '_ | '_| | '_ \/ _` | \ \ \ \
 \\/  ___)| |_)| | | | | || (_| |  ) ) ) )
  '  |____| .__|_| |_|_| |_\__, | / / / /
 =========|_|==============|___/=/_/_/_/

 :: Spring Boot ::                (v3.5.3)

2025-09-13T16:58:14.258+03:00  INFO 23380 --- [           main] AppointmentBookingSystemApplicationTests : Starting MedicalAppointmentBookingSystemApplicationTests using Java 21.0.8 with PID 23380 (started by lambr in C:\HUA\Year 3\Semester 6\DevOps\Project\Medical_Appointment_Service\backend)
2025-09-13T16:58:14.259+03:00  INFO 23380 --- [           main] AppointmentBookingSystemApplicationTests : The following 1 profile is active: "test"
2025-09-13T16:58:15.429+03:00  INFO 23380 --- [           main] .s.d.r.c.RepositoryConfigurationDelegate : Bootstrapping Spring Data JPA repositories in DEFAULT mode.
2025-09-13T16:58:15.559+03:00  INFO 23380 --- [           main] .s.d.r.c.RepositoryConfigurationDelegate : Finished Spring Data repository scanning in 118 ms. Found 8 JPA repository interfaces.
2025-09-13T16:58:16.419+03:00  INFO 23380 --- [           main] o.hibernate.jpa.internal.util.LogHelper  : HHH000204: Processing PersistenceUnitInfo [name: default]
2025-09-13T16:58:16.529+03:00  INFO 23380 --- [           main] org.hibernate.Version                    : HHH000412: Hibernate ORM core version 6.6.18.Final
2025-09-13T16:58:16.585+03:00  INFO 23380 --- [           main] o.h.c.internal.RegionFactoryInitiator    : HHH000026: Second-level cache disabled
2025-09-13T16:58:17.001+03:00  INFO 23380 --- [           main] o.s.o.j.p.SpringPersistenceUnitInfo      : No LoadTimeWeaver setup: ignoring JPA class transformer
2025-09-13T16:58:17.043+03:00  INFO 23380 --- [           main] com.zaxxer.hikari.HikariDataSource       : HikariPool-1 - Starting...
2025-09-13T16:58:17.265+03:00  INFO 23380 --- [           main] com.zaxxer.hikari.pool.HikariPool        : HikariPool-1 - Added connection conn0: url=jdbc:h2:mem:test user=DBUSER
2025-09-13T16:58:17.267+03:00  INFO 23380 --- [           main] com.zaxxer.hikari.HikariDataSource       : HikariPool-1 - Start completed.
2025-09-13T16:58:17.296+03:00  WARN 23380 --- [           main] org.hibernate.orm.deprecation            : HHH90000025: H2Dialect does not need to be specified explicitly using 'hibernate.dialect' (remove the property setting and it will be selected by default)
2025-09-13T16:58:17.319+03:00  INFO 23380 --- [           main] org.hibernate.orm.connections.pooling    : HHH10001005: Database info:
	Database JDBC URL [Connecting through datasource 'HikariDataSource (HikariPool-1)']
	Database driver: undefined/unknown
	Database version: 2.3.232
	Autocommit mode: undefined/unknown
	Isolation level: undefined/unknown
	Minimum pool size: undefined/unknown
	Maximum pool size: undefined/unknown
2025-09-13T16:58:18.447+03:00  INFO 23380 --- [           main] o.h.e.t.j.p.i.JtaPlatformInitiator       : HHH000489: No JTA platform available (set 'hibernate.transaction.jta.platform' to enable JTA platform integration)
Hibernate: 
    drop table if exists allergy cascade 
Hibernate: 
    drop table if exists appointments cascade 
Hibernate: 
    drop table if exists availability cascade 
Hibernate: 
    drop table if exists doctor_profiles cascade 
Hibernate: 
    drop table if exists doctor_specialties cascade 
Hibernate: 
    drop table if exists patient_allergies cascade 
Hibernate: 
    drop table if exists patient_profile cascade 
Hibernate: 
    drop table if exists roles cascade 
Hibernate: 
    drop table if exists specialties cascade 
Hibernate: 
    drop table if exists user_roles cascade 
Hibernate: 
    drop table if exists users cascade 
Hibernate: 
    create table allergy (
        id integer generated by default as identity,
        allergy varchar(255),
        primary key (id)
    )
Hibernate: 
    create table appointments (
        date date,
        doctor_id integer,
        time time(6),
        id bigint generated by default as identity,
        user_id bigint,
        description varchar(255),
        status enum ('CANCELLED','COMPLETED','CONFIRMED','NO_SHOW','PENDING'),
        primary key (id)
    )
Hibernate: 
    create table availability (
        doctor_id integer not null,
        end_time time(6),
        id integer generated by default as identity,
        start_time time(6),
        day_of_week enum ('FRIDAY','MONDAY','SATURDAY','SUNDAY','THURSDAY','TUESDAY','WEDNESDAY'),
        primary key (id)
    )
Hibernate: 
    create table doctor_profiles (
        id integer generated by default as identity,
        user_id bigint unique,
        primary key (id)
    )
Hibernate: 
    create table doctor_specialties (
        doctor_id integer not null,
        specialty_id integer not null
    )
Hibernate: 
    create table patient_allergies (
        allergy_id integer not null,
        patient_profile_id integer not null
    )
Hibernate: 
    create table patient_profile (
        birth_date date,
        id integer generated by default as identity,
        user_id bigint not null unique,
        gender varchar(255),
        blood_type enum ('AB_NEG','AB_POS','A_NEG','A_POS','B_NEG','B_POS','O_NEG','O_POS'),
        primary key (id)
    )
Hibernate: 
    create table roles (
        id integer generated by default as identity,
        name varchar(20),
        primary key (id)
    )
Hibernate: 
    create table specialties (
        id integer generated by default as identity,
        name varchar(255) not null unique,
        primary key (id)
    )
Hibernate: 
    create table user_roles (
        role_id integer not null,
        user_id bigint not null,
        primary key (role_id, user_id)
    )
Hibernate: 
    create table users (
        enabled boolean not null,
        id bigint generated by default as identity,
        phone varchar(15) unique,
        username varchar(20) not null,
        user_type varchar(31) not null,
        email varchar(50) not null,
        first_name varchar(50) not null,
        last_name varchar(50) not null,
        address varchar(75),
        password varchar(120) not null,
        primary key (id),
        unique (username),
        unique (email)
    )
Hibernate: 
    alter table if exists appointments 
       add constraint FKo690gyordobh8dp3ea367v871 
       foreign key (doctor_id) 
       references doctor_profiles
Hibernate: 
    alter table if exists appointments 
       add constraint FK886ced1atxgvnf1o3oxtj5m4s 
       foreign key (user_id) 
       references users
Hibernate: 
    alter table if exists availability 
       add constraint FKbbu6gas6xgqbkadew70hnke3r 
       foreign key (doctor_id) 
       references doctor_profiles
Hibernate: 
    alter table if exists doctor_profiles 
       add constraint FKhrpk2q09sjwf9en18301dioyr 
       foreign key (user_id) 
       references users
Hibernate: 
    alter table if exists doctor_specialties 
       add constraint FK8gbyvkfmm5a01nmd5jberd993 
       foreign key (specialty_id) 
       references specialties
Hibernate: 
    alter table if exists doctor_specialties 
       add constraint FKmec0cx43nut6lvuh6a80dcc5y 
       foreign key (doctor_id) 
       references doctor_profiles
Hibernate: 
    alter table if exists patient_allergies 
       add constraint FKr5j5c0ng98kehhin2xki6mhoj 
       foreign key (allergy_id) 
       references allergy
Hibernate: 
    alter table if exists patient_allergies 
       add constraint FKmja2nrkxkcvxye6vadg92hwfe 
       foreign key (patient_profile_id) 
       references patient_profile
Hibernate: 
    alter table if exists patient_profile 
       add constraint FKsqtjhff8nb8wq4lm9j9jk05pq 
       foreign key (user_id) 
       references users
Hibernate: 
    alter table if exists user_roles 
       add constraint FKh8ciramu9cc9q3qcqiv4ue8a6 
       foreign key (role_id) 
       references roles
Hibernate: 
    alter table if exists user_roles 
       add constraint FKhfh9dx7w3ubf1co1vdev94g3f 
       foreign key (user_id) 
       references users
2025-09-13T16:58:18.522+03:00  INFO 23380 --- [           main] j.LocalContainerEntityManagerFactoryBean : Initialized JPA EntityManagerFactory for persistence unit 'default'
2025-09-13T16:58:19.160+03:00  INFO 23380 --- [           main] o.s.d.j.r.query.QueryEnhancerFactory     : Hibernate is in classpath; If applicable, HQL parser will be used.
2025-09-13T16:58:19.956+03:00  INFO 23380 --- [           main] r$InitializeUserDetailsManagerConfigurer : Global AuthenticationManager configured with UserDetailsService bean with name userDetailsServiceImpl
Hibernate: 
    select
        r1_0.id,
        r1_0.name 
    from
        roles r1_0 
    where
        r1_0.name=?
Hibernate: 
    insert 
    into
        roles
        (name, id) 
    values
        (?, default)
Hibernate: 
    select
        r1_0.id,
        r1_0.name 
    from
        roles r1_0 
    where
        r1_0.name=?
Hibernate: 
    insert 
    into
        roles
        (name, id) 
    values
        (?, default)
Hibernate: 
    select
        r1_0.id,
        r1_0.name 
    from
        roles r1_0 
    where
        r1_0.name=?
Hibernate: 
    insert 
    into
        roles
        (name, id) 
    values
        (?, default)
Hibernate: 
    select
        r1_0.id,
        r1_0.name 
    from
        roles r1_0 
    where
        r1_0.name=?
Hibernate: 
    insert 
    into
        roles
        (name, id) 
    values
        (?, default)
2025-09-13T16:58:20.423+03:00  WARN 23380 --- [           main] JpaBaseConfiguration$JpaWebConfiguration : spring.jpa.open-in-view is enabled by default. Therefore, database queries may be performed during view rendering. Explicitly configure spring.jpa.open-in-view to disable this warning
2025-09-13T16:58:21.121+03:00  WARN 23380 --- [           main] ion$DefaultTemplateResolverConfiguration : Cannot find template location: classpath:/templates/ (please add some templates, check your Thymeleaf configuration, or set spring.thymeleaf.check-template-location=false)
2025-09-13T16:58:21.322+03:00  INFO 23380 --- [           main] o.s.b.t.m.w.SpringBootMockServletContext : Initializing Spring TestDispatcherServlet ''
2025-09-13T16:58:21.322+03:00  INFO 23380 --- [           main] o.s.t.web.servlet.TestDispatcherServlet  : Initializing Servlet ''
2025-09-13T16:58:21.323+03:00  INFO 23380 --- [           main] o.s.t.web.servlet.TestDispatcherServlet  : Completed initialization in 1 ms
2025-09-13T16:58:21.348+03:00  INFO 23380 --- [           main] AppointmentBookingSystemApplicationTests : Started MedicalAppointmentBookingSystemApplicationTests in 7.508 seconds (process running for 8.683)
Hibernate: 
    select
        u1_0.id,
        u1_0.address,
        u1_0.email,
        u1_0.enabled,
        u1_0.first_name,
        u1_0.last_name,
        u1_0.password,
        u1_0.phone,
        u1_0.username 
    from
        users u1_0 
    where
        u1_0.username=?
Creating default admin user...
Hibernate: 
    select
        r1_0.id,
        r1_0.name 
    from
        roles r1_0 
    where
        r1_0.name=?
Hibernate: 
    insert 
    into
        users
        (address, email, enabled, first_name, last_name, password, phone, username, user_type, id) 
    values
        (?, ?, ?, ?, ?, ?, ?, ?, 'User', default)
Hibernate: 
    insert 
    into
        user_roles
        (user_id, role_id) 
    values
        (?, ?)
Admin created.
signUpRequest: SignupRequest{username='johndoe', email='john@mail.com', role=[PATIENT], password='123456', firstName='John', lastName='Doe', phone='123456789', address='Athens, Greece', specialty='null'}
Hibernate: 
    select
        u1_0.id 
    from
        users u1_0 
    where
        u1_0.username=? 
    fetch
        first ? rows only
Hibernate: 
    select
        u1_0.id 
    from
        users u1_0 
    where
        u1_0.email=? 
    fetch
        first ? rows only
Hibernate: 
    select
        r1_0.id,
        r1_0.name 
    from
        roles r1_0 
    where
        r1_0.name=?
Hibernate: 
    insert 
    into
        users
        (address, email, enabled, first_name, last_name, password, phone, username, user_type, id) 
    values
        (?, ?, ?, ?, ?, ?, ?, ?, 'User', default)
Hibernate: 
    insert 
    into
        user_roles
        (user_id, role_id) 
    values
        (?, ?)
Hibernate: 
    insert 
    into
        patient_profile
        (birth_date, blood_type, gender, user_id, id) 
    values
        (?, ?, ?, ?, default)
Mail not sent: Mail server connection failed. Failed messages: org.eclipse.angus.mail.util.MailConnectException: Couldn't connect to host, port: localhost, 1025; timeout -1;
  nested exception is:
	java.net.ConnectException: Connection refused: connect
]]></system-out>
    <system-err><![CDATA[Mockito is currently self-attaching to enable the inline-mock-maker. This will no longer work in future releases of the JDK. Please add Mockito as an agent to your build as described in Mockito's documentation: https://javadoc.io/doc/org.mockito/mockito-core/latest/org.mockito/org/mockito/Mockito.html#0.3
WARNING: A Java agent has been loaded dynamically (C:\Users\lambr\.m2\repository\net\bytebuddy\byte-buddy-agent\1.17.6\byte-buddy-agent-1.17.6.jar)
WARNING: If a serviceability tool is in use, please run with -XX:+EnableDynamicAgentLoading to hide this warning
WARNING: If a serviceability tool is not in use, please run with -Djdk.instrument.traceUsage for more information
WARNING: Dynamic loading of agents will be disallowed by default in a future release
]]></system-err>
  </testcase>
  <testcase name="contextLoads" classname="com.medibook.appointment.MedicalAppointmentBookingSystemApplicationTests" time="0.004"/>
</testsuite>